TN:
SF:src/Conversion.ts
FN:1,(anonymous_0)
FN:4,(anonymous_1)
FN:7,(anonymous_2)
FN:10,(anonymous_3)
FN:13,(anonymous_4)
FN:16,(anonymous_5)
FNF:6
FNH:4
FNDA:1,(anonymous_0)
FNDA:1,(anonymous_1)
FNDA:0,(anonymous_2)
FNDA:0,(anonymous_3)
FNDA:1,(anonymous_4)
FNDA:1,(anonymous_5)
DA:1,1
DA:2,1
DA:4,1
DA:5,1
DA:7,1
DA:8,0
DA:10,1
DA:11,0
DA:13,1
DA:14,1
DA:16,1
DA:17,1
LF:12
LH:10
BRF:0
BRH:0
end_of_record
TN:
SF:src/addLength.ts
FN:4,(anonymous_0)
FN:11,(anonymous_1)
FN:17,(anonymous_2)
FN:24,(anonymous_3)
FNF:4
FNH:4
FNDA:1,(anonymous_0)
FNDA:1,(anonymous_1)
FNDA:2,(anonymous_2)
FNDA:4,(anonymous_3)
DA:2,1
DA:4,1
DA:6,1
DA:11,1
DA:13,1
DA:17,1
DA:19,2
DA:24,1
DA:25,4
DA:26,4
DA:27,1
DA:29,3
DA:30,1
DA:32,2
DA:33,2
DA:35,4
LF:16
LH:16
BRDA:7,0,0,1
BRDA:7,0,1,0
BRDA:14,1,0,1
BRDA:14,1,1,0
BRDA:20,2,0,1
BRDA:20,2,1,1
BRDA:26,3,0,1
BRDA:26,3,1,3
BRDA:26,4,0,4
BRDA:26,4,1,1
BRDA:29,5,0,1
BRDA:29,5,1,2
BRDA:29,6,0,3
BRDA:29,6,1,1
BRDA:32,7,0,2
BRDA:32,7,1,0
BRDA:32,8,0,2
BRDA:32,8,1,2
BRF:18
BRH:15
end_of_record
